20130124 15:59:17: /zentaopms/install.php

20130124 15:59:21: /zentaopms/install.php?m=install&f=step1

20130124 15:59:23: /zentaopms/install.php

20130124 15:59:47: /zentaopms/install.php?m=install&f=step1

20130124 16:00:01: /zentaopms/install.php?m=install&f=step2

20130124 16:00:54: /zentaopms/install.php?m=install&f=step3

20130124 16:01:01: /zentaopms/install.php?m=install&f=step2

20130124 16:01:10: /zentaopms/install.php?m=install&f=step3

20130124 16:01:23: /zentaopms/install.php?m=install&f=step2

20130124 16:01:30: /zentaopms/install.php?m=install&f=step3

20130124 16:01:47: /zentaopms/install.php?m=install&f=step4

20130124 16:02:48: /zentaopms/install.php?m=misc&f=ping&t=html

20130124 16:02:52: /zentaopms/install.php?m=install&f=step4

20130124 16:08:13: /zentaopms/install.php?m=install&f=step4
  INSERT INTO `zentaopms_company` SET `name` = '华电天仁',`pms` = '10.24.4.48',`admins` = ',admin,'
  INSERT INTO `zentaopms_user` SET `account` = 'admin',`realname` = 'admin',`password` = '5f4dcc3b5aa765d61d8327deb882cf99',`company` = '1'
  UPDATE `zentaopms_group` SET  company  = '1'
  UPDATE `zentaopms_groupPriv` SET  company  = '1'
  REPLACE `zentaopms_config` SET `company` = '1',`module` = 'common',`owner` = 'system',`section` = 'global',`key` = 'showDemoUsers',`value` = '1'
  REPLACE `zentaopms_config` SET `company` = '0',`owner` = 'system',`module` = 'common',`section` = 'global',`key` = 'version',`value` = '3.3'
  SELECT `value` FROM `zentaopms_config` WHERE company  = '0' AND owner  = 'system' AND module  = 'common' AND section  = 'global' AND `key`  = 'sn'
  REPLACE `zentaopms_config` SET `company` = '0',`owner` = 'system',`module` = 'common',`section` = 'global',`key` = 'sn',`value` = 'ab7dbfe001b5426f9fd397e659e980ec'

20130124 16:08:13: /zentaopms/install.php?m=install&f=step5

